<?xml version="1.0" encoding="UTF-8"?>
<testng-results skipped="0" failed="0" ignored="0" total="2" passed="2">
  <reporter-output>
  </reporter-output>
  <suite name="Suite" duration-ms="16789" started-at="2022-03-12T06:32:07Z" finished-at="2022-03-12T06:32:24Z">
    <groups>
    </groups>
    <test name="Google test" duration-ms="10128" started-at="2022-03-12T06:32:07Z" finished-at="2022-03-12T06:32:18Z">
      <class name="Sample1.Test1">
        <test-method status="PASS" signature="validategoogle()[pri:0, instance:Sample1.Test1@60c6f5b]" name="validategoogle" duration-ms="10066" started-at="2022-03-12T12:02:07Z" finished-at="2022-03-12T12:02:18Z">
          <reporter-output>
          </reporter-output>
        </test-method> <!-- validategoogle -->
      </class> <!-- Sample1.Test1 -->
    </test> <!-- Google test -->
    <test name="Bing test" duration-ms="6624" started-at="2022-03-12T06:32:18Z" finished-at="2022-03-12T06:32:24Z">
      <class name="Sample2.Test2">
        <test-method status="PASS" signature="validategoogle()[pri:0, instance:Sample2.Test2@eec5a4a]" name="validategoogle" duration-ms="6624" started-at="2022-03-12T12:02:18Z" finished-at="2022-03-12T12:02:24Z">
          <reporter-output>
          </reporter-output>
        </test-method> <!-- validategoogle -->
      </class> <!-- Sample2.Test2 -->
    </test> <!-- Bing test -->
  </suite> <!-- Suite -->
</testng-results>
