<?xml version="1.0" encoding="UTF-8"?>
<testng-results skipped="0" failed="0" ignored="0" total="1" passed="1">
  <reporter-output>
  </reporter-output>
  <suite name="Default suite" duration-ms="6658" started-at="2022-03-06T06:04:54Z" finished-at="2022-03-06T06:05:00Z">
    <groups>
    </groups>
    <test name="Default test" duration-ms="6658" started-at="2022-03-06T06:04:54Z" finished-at="2022-03-06T06:05:00Z">
      <class name="Sample2.Test2">
        <test-method status="PASS" signature="validategoogle()[pri:0, instance:Sample2.Test2@10bdf5e5]" name="validategoogle" duration-ms="6586" started-at="2022-03-06T11:34:54Z" finished-at="2022-03-06T11:35:00Z">
          <reporter-output>
          </reporter-output>
        </test-method> <!-- validategoogle -->
      </class> <!-- Sample2.Test2 -->
    </test> <!-- Default test -->
  </suite> <!-- Default suite -->
</testng-results>
